<?xml version="1.0" encoding="UTF-8"?>
<testsuite xmlns:xsi="http://www.w3.org/2001/XMLSchema-instance" xsi:noNamespaceSchemaLocation="https://maven.apache.org/surefire/maven-surefire-plugin/xsd/surefire-test-report.xsd" name="org.unc.nc.CalculUtilsTest" time="0" tests="6" errors="0" skipped="0" failures="0">
  <properties>
[...]
</properties>
  <testcase name="testSomme" classname="org.unc.nc.CalculUtilsTest" time="0"/>
  <testcase name="testMaFonction2" classname="org.unc.nc.CalculUtilsTest" time="0"/>
  <testcase name="testDivisionZero" classname="org.unc.nc.CalculUtilsTest" time="0"/>
  <testcase name="testMaFonction" classname="org.unc.nc.CalculUtilsTest" time="0"/>
  <testcase name="testDivision" classname="org.unc.nc.CalculUtilsTest" time="0"/>
  <testcase name="testSommeFalse" classname="org.unc.nc.CalculUtilsTest" time="0"/>
</testsuite>